DEBUG	

--- Renaming 2 types with name "type" ---
DEBUG	discriminated: Renamed to "TransactionEstimatePublicRequest_type" 
	 labels: "original_name:type scope:shared data_type:enum refName:TransactionEstimatePublicRequest property:address" 
	 registrationID: "scope:shared refType:Schemas refName:TransactionEstimatePublicRequest property:addresses originalName:type"
DEBUG	discriminated: Renamed to "TransactionEstimateResponse_type" 
	 labels: "original_name:type scope:shared data_type:enum refName:TransactionEstimateResponse property:address" 
	 registrationID: "scope:shared refType:Schemas refName:TransactionEstimateResponse property:addresses originalName:type"
DEBUG	

--- Renaming 2 types with name "address" ---
DEBUG	discriminated: Renamed to "TransactionEstimatePublicRequest_address" 
	 labels: "original_name:address scope:shared refName:TransactionEstimatePublicRequest" 
	 registrationID: "scope:shared refType:Schemas refName:TransactionEstimatePublicRequest originalName:address"
DEBUG	discriminated: Renamed to "TransactionEstimateResponse_address" 
	 labels: "original_name:address scope:shared refName:TransactionEstimateResponse" 
	 registrationID: "scope:shared refType:Schemas refName:TransactionEstimateResponse originalName:address"
DEBUG	

Sdk (SDK empty)
AddressValidation (SDK empty)
AddressBase (phone: string, street_1: string, street_2: string ...)
 CountryCodeEnum (enum: AF, AX, AL ...)
SearchV1AddressValidationSearchPostResponse (ContentType: string, StatusCode: int32, RawResponse: response ...)
  AddressSearchResponse (address_submitted: AddressSubmittedResponse, response_address: AddressResponseData, verification_status: string ...)
   AddressSubmittedResponse (street_1: string, street_2: string, city: string ...)
   AddressResponseData (street_1: string, street_2: string, city: string ...)
ErrorResponse (error)
BackendSrcAddressValidationResponsesValidationErrorResponse (error)
  BackendSrcAddressValidationResponsesValidationErrorItem (type: string, loc: array, msg: string ...)
SearchV1AddressValidationSearchPostSecurity (APIKeyHeader: string)
ValidationAddress (line1: string, line2: string, line3: string ...)
SuggestionsV1AddressValidationSuggestionsPostResponse (ContentType: string, StatusCode: int32, RawResponse: response ...)
Security (APIKeyHeader: string, CustomHeader: string)
Customers (SDK empty)
GetCustomersV1Request (search_query: string, country: array, state: string ...)
GetCustomersV1Response (ContentType: string, StatusCode: int32, RawResponse: response ...)
 PageCustomerRead (items: array, total: integer, page: integer ...)
   CustomerRead (phone: string, street_1: string, street_2: string ...)
    StatusEnum (enum: ACTIVE, ARCHIVED)
    SourceEnum (enum: BIGCOMMERCE, CHARGEBEE, SHOPIFY ...)
    AddressStatus (enum: UNVERIFIED, INVALID, PARTIALLY_VERIFIED ...)
BackendSrcCustomersResponsesValidationErrorResponse (error)
  BackendSrcCustomersResponsesValidationErrorItem (type: string, loc: array, msg: string ...)
CustomerCreate (phone: string, street_1: string, street_2: string ...)
CreateCustomerV1CustomersPostResponse (ContentType: string, StatusCode: int32, RawResponse: response ...)
GetCustomerByIdV1CustomersCustomerIdGetRequest (customer_id: string)
GetCustomerByIdV1CustomersCustomerIdGetResponse (ContentType: string, StatusCode: int32, RawResponse: response ...)
HttpValidationError (error)
  ValidationError (loc: array, msg: string, type: string)
UpdateCustomerV1CustomersCustomerIdPutRequest (customer_id: string, CustomerUpdate: CustomerUpdate)
 CustomerUpdate (phone: string, street_1: string, street_2: string ...)
UpdateCustomerV1CustomersCustomerIdPutResponse (ContentType: string, StatusCode: int32, RawResponse: response ...)
GetCustomerByExternalIdV1CustomersExternalExternalIdGetRequest (external_id: string)
GetCustomerByExternalIdV1CustomersExternalExternalIdGetResponse (ContentType: string, StatusCode: int32, RawResponse: response ...)
GetTransactionsByCustomerIdV1CustomersCustomerIdTransactionsGetRequest (customer_id: string)
GetTransactionsByCustomerIdV1CustomersCustomerIdTransactionsGetResponse (ContentType: string, StatusCode: int32, RawResponse: response ...)
  TransactionRead (requires_exemption: ExemptionRequired, organization_id: string, external_id: string ...)
   ExemptionRequired (jurisdiction: string, customer_id: string, organization_id: string ...)
    ExemptionType (enum: customer, wholesale, transaction)
    ExemptionStatus (enum: ACTIVE, INACTIVE, EXPIRED ...)
   TransactionStatusEnum (enum: PENDING, COMMITTED, CANCELLED ...)
   TransactionRefundStatus (enum: FULLY_REFUNDED, PARTIALLY_REFUNDED)
   TransactionExemptStatusEnum (enum: NOT_EXEMPT, PARTIALLY_EXEMPT, FULLY_EXEMPT)
    Exemption (id: string, created_at: date-time, updated_at: string ...)
   TaxLiabilitySourceEnum (enum: CALCULATED, COLLECTED)
   CurrencyEnum (enum: AED, AFN, ALL ...)
   ProcessingStatusEnum (enum: NEW, UPDATED, QUEUED ...)
    TransactionAddressReadOutput (phone: string, street_1: string, street_2: string ...)
     AddressType (enum: BILL_TO, SHIP_TO, SHIP_FROM ...)
    TransactionItemRead (external_id: string, organization_id: string, date: date-time ...)
     TaxExemptionEnum (enum: PRODUCT, TRANSACTION, CUSTOMER ...)
      TaxItemRead (rule_id: string, rate: string, amount: string ...)
       TaxItemTypeEnum (enum: IMPORTED, CALCULATED)
       JurisdictionType (enum: COUNTRY, FEDERAL, STATE ...)
   TransactionTypeEnum (enum: SALE, FULL_CREDIT_NOTE, PARTIAL_CREDIT_NOTE ...)
CreateTransactionByCustomerIdV1CustomersCustomerIdTransactionsPostRequest (customer_id: string, TransactionCreate: TransactionCreate)
 TransactionCreate (requires_exemption: ExemptionRequired, organization_id: string, external_id: string ...)
   TransactionAddressBuilder (phone: string, street_1: string, street_2: string ...)
   TransactionItemCreateUpdate (external_id: string, organization_id: string, date: date-time ...)
     TaxItemBuilder (rule_id: string, rate: number, amount: number ...)
    DiscountBuilder (external_id: string, applied_to: AppliedTo, discount_amount: number)
     AppliedTo (enum: TRANSACTION, TRANSACTION_ITEM)
CreateTransactionByCustomerIdV1CustomersCustomerIdTransactionsPostResponse (ContentType: string, StatusCode: int32, RawResponse: response ...)
Exemptions (SDK empty)
GetExemptionsV1ExemptionsGetRequest (search_query: string, status__in: string, country_code: array ...)
GetExemptionsV1ExemptionsGetResponse (ContentType: string, StatusCode: int32, RawResponse: response ...)
 FastapiPaginationDefaultPageExemptionRead2 (items: array, total: integer, page: integer ...)
   BackendSrcExemptionsModelsExemptionRead (exemption_type: ExemptionType, jurisdiction: string, country_code: CountryCodeEnum ...)
BackendSrcExemptionsResponsesValidationErrorResponse (error)
  BackendSrcExemptionsResponsesValidationErrorItem (type: string, loc: array, msg: string ...)
ExemptionCreate (exemption_type: ExemptionType, jurisdiction: string, country_code: CountryCodeEnum ...)
CreateExemptionV1ExemptionsPostResponse (ContentType: string, StatusCode: int32, RawResponse: response ...)
 BackendSrcExemptionsSerializersExemptionRead (country_code: CountryCodeEnum, jurisdiction: string, start_date: date ...)
   AttachmentRead (related_entity_id: string, related_entity_type: RelatedEntityType, id: string)
    RelatedEntityType (enum: EXEMPTION, REGISTRATION, FILING ...)
GetExemptionByIdV1ExemptionsExemptionIdGetRequest (exemption_id: string)
GetExemptionByIdV1ExemptionsExemptionIdGetResponse (ContentType: string, StatusCode: int32, RawResponse: response ...)
UploadExemptionCertificateV1ExemptionsExemptionIdAttachmentsPostRequest (exemption_id: string, Body_upload_exemption_certificate_v1_exemptions__exemption_id__attachments_post: Body_upload_exemption_certificate_v1_exemptions__exemption_id__attachments_post)
 BodyUploadExemptionCertificateV1ExemptionsExemptionIdAttachmentsPost (file: class)
  File (fileName: string, content: bytes)
UploadExemptionCertificateV1ExemptionsExemptionIdAttachmentsPostResponse (ContentType: string, StatusCode: int32, RawResponse: response ...)
GetAttachmentsForExemptionV1ExemptionsExemptionIdAttachmentsGetRequest (exemption_id: string)
GetAttachmentsForExemptionV1ExemptionsExemptionIdAttachmentsGetResponse (ContentType: string, StatusCode: int32, RawResponse: response ...)
Nexus (SDK empty)
GetNexusForOrgV1NexusGetRequest (status__in: string, state_code: string, country_code__in: string ...)
GetNexusForOrgV1NexusGetResponse (ContentType: string, StatusCode: int32, RawResponse: response ...)
 PageNexusResponse (items: array, total: integer, page: integer ...)
   NexusResponse (processing_status: NexusStatusEnum, status: NexusStateEnum, country_code: CountryCodeEnum ...)
    NexusStatusEnum (enum: NEEDS_RERUN, UP_TO_DATE, NOT_READY)
    NexusStateEnum (enum: EXPOSED, APPROACHING, PENDING_REGISTRATION ...)
    TreatmentEnum (enum: INCLUDED, EXCLUDED, DEPENDS ...)
    SalesOrTransactionsEnum (enum: EITHER, SALES, BOTH ...)
    PeriodModelEnum (enum: CURRENT_OR_PREVIOUS, PRECEDING_YEAR_FROM_OCTOBER, CALENDAR_YEAR ...)
    Registration (empty)
    RegistrationsRegimeEnum (enum: STANDARD, SIMPLIFIED)
    NexusTypeEnum (enum: CANADA_FEDERAL, EU_AGGREGATOR, STATE ...)
Products (SDK empty)
GetProductsV1ProductsGetRequest (query: string, status__in: string, product_category__in: string ...)
GetProductsV1ProductsGetResponse (ContentType: string, StatusCode: int32, RawResponse: response ...)
 PageProductRead (items: array, total: integer, page: integer ...)
   ProductRead (id: string, external_id: string, sku: array ...)
    ProductCodeEnum (enum: CODE_0000, CODE_1001, CODE_1002 ...)
    ProductStatusEnum (enum: APPROVED, PARTIALLY_APPROVED, PENDING)
    ProductCategoryEnum (enum: PHYSICAL, DIGITAL, SERVICE ...)
    ProductSubCategoryEnum (enum: UNKNOWN, SAAS, DIGITAL_GENERAL ...)
BackendSrcProductsResponsesValidationErrorResponse (error)
  BackendSrcProductsResponsesValidationErrorItem (type: string, loc: array, msg: string ...)
ProductCreateManual (external_id: string, name: string, description: string ...)
CreateProductV1ProductsPostResponse (ContentType: string, StatusCode: int32, RawResponse: response ...)
GetProductByIdV1ProductsProductIdGetRequest (product_id: string)
GetProductByIdV1ProductsProductIdGetResponse (ContentType: string, StatusCode: int32, RawResponse: response ...)
UpdateProductV1ProductsProductIdPutRequest (product_id: string, ProductUpdate: ProductUpdate)
 ProductUpdate (id: string, external_id: string, sku: array ...)
UpdateProductV1ProductsProductIdPutResponse (ContentType: string, StatusCode: int32, RawResponse: response ...)
GetProductCategoriesV1ProductsCategoriesGetResponse (ContentType: string, StatusCode: int32, RawResponse: response ...)
  ProductCategories (name: string, subcategories: array)
    ProductSubCategory (name: string, description: string, example: string ...)
Transactions (SDK empty)
GetTransactionsV1TransactionsGetRequest (state_code: string, transaction_type: string, transaction_source: string ...)
GetTransactionsV1TransactionsGetResponse (ContentType: string, StatusCode: int32, RawResponse: response ...)
 PageTransactionRead (items: array, total: integer, page: integer ...)
BackendSrcTransactionsResponsesValidationErrorResponse (error)
  BackendSrcTransactionsResponsesValidationErrorItem (type: string, loc: array, msg: string ...)
TransactionPublicRequest (requires_exemption: ExemptionRequired, organization_id: string, external_id: string ...)
  TransactionAddressPublic (phone: string, street_1: string, street_2: string ...)
  TransactionItemBuilder (external_id: string, organization_id: string, date: date-time ...)
 CustomerBaseBase (phone: string, street_1: string, street_2: string ...)
CreateTransactionV1TransactionsPostResponse (ContentType: string, StatusCode: int32, RawResponse: response ...)
GetTransactionByExternalIdV1TransactionsExternalExternalIdGetRequest (external_id: string)
GetTransactionByExternalIdV1TransactionsExternalExternalIdGetResponse (ContentType: string, StatusCode: int32, RawResponse: response ...)
UpdateTransactionV1TransactionsTransactionIdPutRequest (transaction_id: string, TransactionUpdate: TransactionUpdate)
 TransactionUpdate (requires_exemption: ExemptionRequired, organization_id: string, external_id: string ...)
UpdateTransactionV1TransactionsTransactionIdPutResponse (ContentType: string, StatusCode: int32, RawResponse: response ...)
GetTransactionByIdV1TransactionsTransactionIdGetRequest (transaction_id: string)
GetTransactionByIdV1TransactionsTransactionIdGetResponse (ContentType: string, StatusCode: int32, RawResponse: response ...)
GetTransactionsByFilingIdV1TransactionsFilingsFilingIdGetRequest (filing_id: string)
GetTransactionsByFilingIdV1TransactionsFilingsFilingIdGetResponse (ContentType: string, StatusCode: int32, RawResponse: response ...)
PostCreateCreditNoteByTransactionIdRequest (original_transaction_id: string, CreditNoteCreate: CreditNoteCreate)
 CreditNoteCreate (external_id: string, date: date-time, status: enum ...)
  Status (enum: PENDING, CANCELLED, COMMITTED)
   CreditNoteItemCreateUpdate (external_id: string, date: date-time, description: string ...)
PostCreateCreditNoteByTransactionIdResponse (ContentType: string, StatusCode: int32, RawResponse: response ...)
PutUpdateCreditNoteByTransactionIdRequest (original_transaction_id: string, credit_note_id: string, CreditNoteCreate: CreditNoteCreate)
PutUpdateCreditNoteByTransactionIdResponse (ContentType: string, StatusCode: int32, RawResponse: response ...)
TaxEstimation (SDK empty)
EstimateTaxV1TaxEstimatePostRequest (simulate_nexus_met: boolean, TransactionEstimatePublicRequest: TransactionEstimatePublicRequest)
 TransactionEstimatePublicRequest (date: date-time, external_id: string, total_amount: number ...)
   TransactionItemEstimateBase (external_id: string, date: date-time, description: string ...)
  CustomerBasePublic (phone: string, street_1: string, street_2: string ...)
   TransactionEstimatePublicRequestAddress (type: enum, phone: string, street_1: string ...)
    TransactionEstimatePublicRequestType (enum: SHIP_TO, BILL_TO)
EstimateTaxV1TaxEstimatePostResponse (ContentType: string, StatusCode: int32, RawResponse: response ...)
 PageTransactionEstimateResponse (items: array, total: integer, page: integer ...)
   TransactionEstimateResponse (date: date-time, external_id: string, total_amount: string ...)
     TransactionItemEstimateResponse (external_id: string, date: date-time, description: string ...)
       TaxItemEstimate (rate: string, name: string, amount: string ...)
        TaxItemReturnReasonEnum (enum: NO_RULE_FOUND, RULE_FOUND_TAXABLE, RULE_FOUND_NOT_TAXABLE ...)
    CustomerBase (phone: string, street_1: string, street_2: string ...)
     TransactionEstimateResponseAddress (type: enum, phone: string, street_1: string ...)
      TransactionEstimateResponseType (enum: SHIP_TO, BILL_TO)
BackendSrcTaxEstimationResponsesValidationErrorResponse (error)
  BackendSrcTaxEstimationResponsesValidationErrorItem (type: string, loc: array, msg: string ...)

